<?xml version="1.0" encoding="UTF-8"?>
<testng-results skipped="0" failed="0" total="2" passed="2">
  <reporter-output>
  </reporter-output>
  <suite name="Suite" duration-ms="765" started-at="2016-07-04T14:48:46Z" finished-at="2016-07-04T14:48:47Z">
    <groups>
      <group name="cucumber">
        <method signature="AbstractTestNGCucumberTests.feature(cucumber.api.testng.CucumberFeatureWrapper)[pri:0, instance:runner.RunCuke@4520ebad]" name="feature" class="cucumber.api.testng.AbstractTestNGCucumberTests"/>
      </group> <!-- cucumber -->
    </groups>
    <test name="Test" duration-ms="765" started-at="2016-07-04T14:48:46Z" finished-at="2016-07-04T14:48:47Z">
      <class name="runner.RunCuke">
        <test-method status="PASS" signature="setUpClass()[pri:0, instance:runner.RunCuke@4520ebad]" name="setUpClass" is-config="true" duration-ms="320" started-at="2016-07-04T20:18:46Z" finished-at="2016-07-04T20:18:47Z">
          <reporter-output>
          </reporter-output>
        </test-method> <!-- setUpClass -->
        <test-method status="PASS" signature="feature(cucumber.api.testng.CucumberFeatureWrapper)[pri:0, instance:runner.RunCuke@4520ebad]" name="feature" duration-ms="289" started-at="2016-07-04T20:18:47Z" description="Runs Cucumber Feature" data-provider="features" finished-at="2016-07-04T20:18:47Z">
          <params>
            <param index="0">
              <value>
                <![CDATA[Login]]>
              </value>
            </param>
          </params>
          <reporter-output>
          </reporter-output>
        </test-method> <!-- feature -->
        <test-method status="PASS" signature="feature(cucumber.api.testng.CucumberFeatureWrapper)[pri:0, instance:runner.RunCuke@4520ebad]" name="feature" duration-ms="11" started-at="2016-07-04T20:18:47Z" description="Runs Cucumber Feature" data-provider="features" finished-at="2016-07-04T20:18:47Z">
          <params>
            <param index="0">
              <value>
                <![CDATA[Login to Production]]>
              </value>
            </param>
          </params>
          <reporter-output>
          </reporter-output>
        </test-method> <!-- feature -->
        <test-method status="PASS" signature="tearDownClass()[pri:0, instance:runner.RunCuke@4520ebad]" name="tearDownClass" is-config="true" duration-ms="5" started-at="2016-07-04T20:18:47Z" finished-at="2016-07-04T20:18:47Z">
          <reporter-output>
          </reporter-output>
        </test-method> <!-- tearDownClass -->
      </class> <!-- runner.RunCuke -->
    </test> <!-- Test -->
  </suite> <!-- Suite -->
</testng-results>
